2025-11-27 01:55:42,782 [INFO] Trivia: Banco preguntas.xlsx cargado: 31 preguntas
2025-11-27 01:56:15,890 [INFO] Trivia: Reporte Word guardado: C:\Users\WILD2025\Desktop\Resultados_k_0156.docx
2025-11-27 01:58:04,072 [ERROR] Trivia: Error cargando banco
Traceback (most recent call last):
  File "d:\github-docente\DOCENTE\PYTHON\evaluaciones\v3\py3.py", line 130, in from_excel
    df = pd.read_excel(path)
  File "C:\Users\WILD2025\AppData\Local\Programs\Python\Python313\Lib\site-packages\pandas\io\excel\_base.py", line 495, in read_excel
    io = ExcelFile(
        io,
    ...<2 lines>...
        engine_kwargs=engine_kwargs,
    )
  File "C:\Users\WILD2025\AppData\Local\Programs\Python\Python313\Lib\site-packages\pandas\io\excel\_base.py", line 1550, in __init__
    ext = inspect_excel_format(
        content_or_path=path_or_buffer, storage_options=storage_options
    )
  File "C:\Users\WILD2025\AppData\Local\Programs\Python\Python313\Lib\site-packages\pandas\io\excel\_base.py", line 1402, in inspect_excel_format
    with get_handle(
         ~~~~~~~~~~^
        content_or_path, "rb", storage_options=storage_options, is_text=False
        ^^^^^^^^^^^^^^^^^^^^^^^^^^^^^^^^^^^^^^^^^^^^^^^^^^^^^^^^^^^^^^^^^^^^^
    ) as handle:
    ^
  File "C:\Users\WILD2025\AppData\Local\Programs\Python\Python313\Lib\site-packages\pandas\io\common.py", line 882, in get_handle
    handle = open(handle, ioargs.mode)
PermissionError: [Errno 13] Permission denied: '.'
2025-11-27 01:58:09,797 [ERROR] Trivia: Error cargando banco
Traceback (most recent call last):
  File "d:\github-docente\DOCENTE\PYTHON\evaluaciones\v3\py3.py", line 130, in from_excel
    df = pd.read_excel(path)
  File "C:\Users\WILD2025\AppData\Local\Programs\Python\Python313\Lib\site-packages\pandas\io\excel\_base.py", line 495, in read_excel
    io = ExcelFile(
        io,
    ...<2 lines>...
        engine_kwargs=engine_kwargs,
    )
  File "C:\Users\WILD2025\AppData\Local\Programs\Python\Python313\Lib\site-packages\pandas\io\excel\_base.py", line 1550, in __init__
    ext = inspect_excel_format(
        content_or_path=path_or_buffer, storage_options=storage_options
    )
  File "C:\Users\WILD2025\AppData\Local\Programs\Python\Python313\Lib\site-packages\pandas\io\excel\_base.py", line 1402, in inspect_excel_format
    with get_handle(
         ~~~~~~~~~~^
        content_or_path, "rb", storage_options=storage_options, is_text=False
        ^^^^^^^^^^^^^^^^^^^^^^^^^^^^^^^^^^^^^^^^^^^^^^^^^^^^^^^^^^^^^^^^^^^^^
    ) as handle:
    ^
  File "C:\Users\WILD2025\AppData\Local\Programs\Python\Python313\Lib\site-packages\pandas\io\common.py", line 882, in get_handle
    handle = open(handle, ioargs.mode)
PermissionError: [Errno 13] Permission denied: '.'
2025-11-27 01:59:26,644 [INFO] TriviaCore: Cargadas 31 preguntas de preguntas.xlsx
